<?xml version="1.0" encoding="UTF-8"?>
<testng-results skipped="0" failed="1" ignored="0" total="1" passed="0">
  <reporter-output>
  </reporter-output>
  <suite name="Surefire suite" duration-ms="12569" started-at="2021-01-16T19:49:20 IST" finished-at="2021-01-16T19:49:33 IST">
    <groups>
      <group name="cucumber">
        <method signature="AbstractTestNGCucumberTests.runScenario(cucumber.api.testng.PickleEventWrapper, cucumber.api.testng.CucumberFeatureWrapper)[pri:0, instance:com.sample.runner.Parallel01IT@370736d9]" name="runScenario" class="cucumber.api.testng.AbstractTestNGCucumberTests"/>
      </group> <!-- cucumber -->
    </groups>
    <test name="Surefire test" duration-ms="12569" started-at="2021-01-16T19:49:20 IST" finished-at="2021-01-16T19:49:33 IST">
      <class name="com.sample.runner.Parallel01IT">
        <test-method status="PASS" signature="setUpClass()[pri:0, instance:com.sample.runner.Parallel01IT@370736d9]" name="setUpClass" is-config="true" duration-ms="648" started-at="2021-01-16T19:49:20 IST" finished-at="2021-01-16T19:49:21 IST">
          <reporter-output>
          </reporter-output>
        </test-method> <!-- setUpClass -->
        <test-method status="FAIL" signature="runScenario(cucumber.api.testng.PickleEventWrapper, cucumber.api.testng.CucumberFeatureWrapper)[pri:0, instance:com.sample.runner.Parallel01IT@370736d9]" name="runScenario" duration-ms="11050" started-at="2021-01-16T19:49:21 IST" description="Runs Cucumber Scenarios" data-provider="scenarios" finished-at="2021-01-16T19:49:32 IST">
          <params>
            <param index="0">
              <value>
                <![CDATA["Verify Flight and Hotel Booking functionlality"]]>
              </value>
            </param>
            <param index="1">
              <value>
                <![CDATA["Title of your feature I want to use this template for my feature file"]]>
              </value>
            </param>
          </params>
          <exception class="java.lang.AssertionError">
            <message>
              <![CDATA[null]]>
            </message>
            <full-stacktrace>
              <![CDATA[java.lang.AssertionError: null
at org.testng.Assert.fail(Assert.java:97)
at org.testng.Assert.fail(Assert.java:102)
at com.example.ProdUtils.compareValuefromElementList(ProdUtils.java:37)
at com.example.StepDef.some_other_precondition(StepDef.java:45)
at ✽.Verify the Sub Menu items "Deals%Vacation rentals%Things to do%Packages & Flights%Groups & Meetings%Gift Cards%List your property%Hotels.com® Rewards%"(E:/MyFramework/WorkSpace/CucumberTest/src/test/resources/FeatureFiles/mine.feature:7)
]]>
            </full-stacktrace>
          </exception> <!-- java.lang.AssertionError -->
          <reporter-output>
          </reporter-output>
        </test-method> <!-- runScenario -->
        <test-method status="PASS" signature="tearDownClass()[pri:0, instance:com.sample.runner.Parallel01IT@370736d9]" name="tearDownClass" is-config="true" duration-ms="714" started-at="2021-01-16T19:49:32 IST" finished-at="2021-01-16T19:49:33 IST">
          <reporter-output>
          </reporter-output>
        </test-method> <!-- tearDownClass -->
      </class> <!-- com.sample.runner.Parallel01IT -->
    </test> <!-- Surefire test -->
  </suite> <!-- Surefire suite -->
</testng-results>
