<?xml version="1.0" encoding="UTF-8"?>
<!-- Generated by org.testng.reporters.JUnitReportReporter -->
<testsuite skipped="0" hostname="DESKTOP-IKRVH90" name="com.sample.runner.Parallel01IT" tests="1" failures="1" timestamp="2021-01-16T19:49:33 IST" time="11.050" errors="0">
  <testcase name="runScenario" time="11.050" classname="com.sample.runner.Parallel01IT">
    <failure type="java.lang.AssertionError" message="null">
      <![CDATA[java.lang.AssertionError: null
at org.testng.Assert.fail(Assert.java:97)
at org.testng.Assert.fail(Assert.java:102)
at com.example.ProdUtils.compareValuefromElementList(ProdUtils.java:37)
at com.example.StepDef.some_other_precondition(StepDef.java:45)
at ✽.Verify the Sub Menu items "Deals%Vacation rentals%Things to do%Packages & Flights%Groups & Meetings%Gift Cards%List your property%Hotels.com® Rewards%"(E:/MyFramework/WorkSpace/CucumberTest/src/test/resources/FeatureFiles/mine.feature:7)
]]>
    </failure>
  </testcase> <!-- runScenario -->
  <system-out/>
</testsuite> <!-- com.sample.runner.Parallel01IT -->
